{"type":"server-started","port":64618,"host":"127.0.0.1","url_host":"localhost","url":"http://localhost:64618","screen_dir":"/Users/tapem/Desktop/MYZE-OS/MYZE-Media/.superpowers/brainstorm/35091-1779763104/content","state_dir":"/Users/tapem/Desktop/MYZE-OS/MYZE-Media/.superpowers/brainstorm/35091-1779763104/state"}
{"type":"screen-added","file":"/Users/tapem/Desktop/MYZE-OS/MYZE-Media/.superpowers/brainstorm/35091-1779763104/content/site-structure.html"}
{"type":"screen-added","file":"/Users/tapem/Desktop/MYZE-OS/MYZE-Media/.superpowers/brainstorm/35091-1779763104/content/waiting.html"}
{"type":"screen-added","file":"/Users/tapem/Desktop/MYZE-OS/MYZE-Media/.superpowers/brainstorm/35091-1779763104/content/goal.html"}
{"source":"user-event","type":"click","text":"A\n    \n      Доверие через экспертизу\n      Секция, которая показывает, что ты понимаешь бизнес клиента глубже, чем конкуренты. Инсайты, подход, мышление.\n      Пример: «Как мы думаем о брендах» — философия, принципы, метод","choice":"trust","id":null,"timestamp":1779763330283}
{"source":"user-event","type":"click","text":"B\n    \n      Конкретный оффер / пакет\n      Чёткое предложение: что получит клиент, за какие деньги, в какие сроки. Прозрачность вместо загадочности.\n      Пример: «Бренд-фильм за 2 недели» или «Сайт + видео за $X»","choice":"offer","id":null,"timestamp":1779763341706}
{"source":"user-event","type":"click","text":"A\n    \n      Доверие через экспертизу\n      Секция, которая показывает, что ты понимаешь бизнес клиента глубже, чем конкуренты. Инсайты, подход, мышление.\n      Пример: «Как мы думаем о брендах» — философия, принципы, метод","choice":"trust","id":null,"timestamp":1779763342374}
{"type":"screen-added","file":"/Users/tapem/Desktop/MYZE-OS/MYZE-Media/.superpowers/brainstorm/35091-1779763104/content/expertise-options.html"}
{"source":"user-event","type":"click","text":"A2 — Brand Diagnosis\n      Секция-самопроверка: «Узнаёте свой бренд?» — подсвечивает проблемы, которые клиент чувствует, но не может назвать.\n      \n        Плюсы\n          Клиент узнаёт себя → доверие\n          Мягко показывает твою ценность\n          Вовлекает эмоционально\n        \n        Минусы\n          Может звучать негативно\n          Нужен точный tone of voice","choice":"diagnosis","id":null,"timestamp":1779763396228}
{"source":"user-event","type":"click","text":"A2 — Brand Diagnosis\n      Секция-самопроверка: «Узнаёте свой бренд?» — подсвечивает проблемы, которые клиент чувствует, но не может назвать.\n      \n        Плюсы\n          Клиент узнаёт себя → доверие\n          Мягко показывает твою ценность\n          Вовлекает эмоционально\n        \n        Минусы\n          Может звучать негативно\n          Нужен точный tone of voice","choice":"diagnosis","id":null,"timestamp":1779763396289}
{"source":"user-event","type":"click","text":"A2 — Brand Diagnosis\n      Секция-самопроверка: «Узнаёте свой бренд?» — подсвечивает проблемы, которые клиент чувствует, но не может назвать.\n      \n        Плюсы\n          Клиент узнаёт себя → доверие\n          Мягко показывает твою ценность\n          Вовлекает эмоционально\n        \n        Минусы\n          Может звучать негативно\n          Нужен точный tone of voice","choice":"diagnosis","id":null,"timestamp":1779763397640}
{"type":"screen-added","file":"/Users/tapem/Desktop/MYZE-OS/MYZE-Media/.superpowers/brainstorm/35091-1779763104/content/layouts.html"}
{"type":"screen-added","file":"/Users/tapem/Desktop/MYZE-OS/MYZE-Media/.superpowers/brainstorm/35091-1779763104/content/mockup-v2.html"}
{"source":"user-event","type":"click","text":"👍\n      \n        Нравится направление\n        Текст можно докрутить, но мысль та","choice":"like","id":null,"timestamp":1779763586759}
{"source":"user-event","type":"click","text":"👍\n      \n        Нравится направление\n        Текст можно докрутить, но мысль та","choice":"like","id":null,"timestamp":1779763586805}
{"type":"screen-added","file":"/Users/tapem/Desktop/MYZE-OS/MYZE-Media/.superpowers/brainstorm/35091-1779763104/content/placement.html"}
{"type":"screen-added","file":"/Users/tapem/Desktop/MYZE-OS/MYZE-Media/.superpowers/brainstorm/35091-1779763104/content/exclusivity.html"}
{"source":"user-event","type":"click","text":"🔧\n    Поправить формулировки","choice":"tweak-fit","id":null,"timestamp":1779763681606}
{"source":"user-event","type":"click","text":"🔧\n    Поправить формулировки","choice":"tweak-fit","id":null,"timestamp":1779763682839}
{"source":"user-event","type":"click","text":"🔧\n    Поправить формулировки","choice":"tweak-fit","id":null,"timestamp":1779763683022}
{"type":"screen-added","file":"/Users/tapem/Desktop/MYZE-OS/MYZE-Media/.superpowers/brainstorm/35091-1779763104/content/fit-polite.html"}
{"source":"user-event","type":"click","text":"🔧\n    Ещё доработать","choice":"tweak-polite","id":null,"timestamp":1779763826271}
{"source":"user-event","type":"click","text":"🔧\n    Ещё доработать","choice":"tweak-polite","id":null,"timestamp":1779763826338}
{"type":"screen-added","file":"/Users/tapem/Desktop/MYZE-OS/MYZE-Media/.superpowers/brainstorm/35091-1779763104/content/fit-v3.html"}
{"type":"screen-added","file":"/Users/tapem/Desktop/MYZE-OS/MYZE-Media/.superpowers/brainstorm/35091-1779763104/content/fit-v4.html"}
{"type":"screen-added","file":"/Users/tapem/Desktop/MYZE-OS/MYZE-Media/.superpowers/brainstorm/35091-1779763104/content/fit-v5.html"}
{"type":"screen-added","file":"/Users/tapem/Desktop/MYZE-OS/MYZE-Media/.superpowers/brainstorm/35091-1779763104/content/fit-honest.html"}
{"source":"user-event","type":"click","text":"👍\n    Так нормально","choice":"yes-honest","id":null,"timestamp":1779764190125}
{"source":"user-event","type":"click","text":"👍\n    Так нормально","choice":"yes-honest","id":null,"timestamp":1779764190172}
{"source":"user-event","type":"click","text":"👍\n    Так нормально","choice":"yes-honest","id":null,"timestamp":1779764191506}
{"type":"screen-added","file":"/Users/tapem/Desktop/MYZE-OS/MYZE-Media/.superpowers/brainstorm/35091-1779763104/content/full-section.html"}
{"source":"user-event","type":"click","text":"👍\n    УтверждаюМожно писать spec и план реализации","choice":"approve-full","id":null,"timestamp":1779764280240}
{"source":"user-event","type":"click","text":"👍\n    УтверждаюМожно писать spec и план реализации","choice":"approve-full","id":null,"timestamp":1779764284592}
{"source":"user-event","type":"click","text":"👍\n    УтверждаюМожно писать spec и план реализации","choice":"approve-full","id":null,"timestamp":1779764284756}
{"type":"server-stopped","reason":"idle timeout"}
